<?xml version="1.0" encoding="UTF-8"?>
<testng-results ignored="8" total="11" passed="2" failed="1" skipped="0">
  <reporter-output>
  </reporter-output>
  <suite started-at="2022-02-22T19:07:31 EST" name="Default suite" finished-at="2022-02-22T19:07:31 EST" duration-ms="75">
    <groups>
      <group name="ui">
        <method signature="RegressionTest.test2(java.lang.String,java.lang.String)[pri:0, instance:com.bit.test.RegressionTest@614ca7df]" name="test2" class="com.bit.test.RegressionTest"/>
        <method signature="RegressionTest.test3()[pri:0, instance:com.bit.test.RegressionTest@614ca7df]" name="test3" class="com.bit.test.RegressionTest"/>
      </group> <!-- ui -->
      <group name="backEnd">
        <method signature="RegressionTest.test3()[pri:0, instance:com.bit.test.RegressionTest@614ca7df]" name="test3" class="com.bit.test.RegressionTest"/>
      </group> <!-- backEnd -->
    </groups>
    <test started-at="2022-02-22T19:07:31 EST" name="Default test" finished-at="2022-02-22T19:07:31 EST" duration-ms="75">
      <class name="com.bit.test.RegressionTest">
        <test-method is-config="true" signature="beforeSuite()[pri:0, instance:com.bit.test.RegressionTest@614ca7df]" started-at="2022-02-22T19:07:31 EST" name="beforeSuite" finished-at="2022-02-22T19:07:31 EST" duration-ms="8" status="PASS">
          <reporter-output>
          </reporter-output>
        </test-method> <!-- beforeSuite -->
        <test-method is-config="true" signature="beforeTest()[pri:0, instance:com.bit.test.RegressionTest@614ca7df]" started-at="2022-02-22T19:07:31 EST" name="beforeTest" finished-at="2022-02-22T19:07:31 EST" duration-ms="1" status="PASS">
          <reporter-output>
          </reporter-output>
        </test-method> <!-- beforeTest -->
        <test-method is-config="true" signature="beforeClass()[pri:0, instance:com.bit.test.RegressionTest@614ca7df]" started-at="2022-02-22T19:07:31 EST" name="beforeClass" finished-at="2022-02-22T19:07:31 EST" duration-ms="1" status="PASS">
          <reporter-output>
          </reporter-output>
        </test-method> <!-- beforeClass -->
        <test-method signature="test2(java.lang.String,java.lang.String)[pri:0, instance:com.bit.test.RegressionTest@614ca7df]" started-at="2022-02-22T19:07:31 EST" name="test2" finished-at="2022-02-22T19:07:31 EST" duration-ms="0" status="FAIL">
          <exception class="org.testng.TestNGException">
            <message>
              <![CDATA[
Cannot inject @Test annotated Method [test2] with [class java.lang.String, class java.lang.String].
For more information on native dependency injection please refer to https://testng.org/doc/documentation-main.html#native-dependency-injection]]>
            </message>
            <full-stacktrace>
              <![CDATA[org.testng.TestNGException: 
Cannot inject @Test annotated Method [test2] with [class java.lang.String, class java.lang.String].
For more information on native dependency injection please refer to https://testng.org/doc/documentation-main.html#native-dependency-injection
at org.testng.internal.Parameters.checkParameterTypes(Parameters.java:439)
at org.testng.internal.Parameters.createParametersForMethod(Parameters.java:353)
at org.testng.internal.Parameters.createParameters(Parameters.java:708)
at org.testng.internal.Parameters.handleParameters(Parameters.java:884)
at org.testng.internal.Parameters.handleParameters(Parameters.java:740)
at org.testng.internal.ParameterHandler.handleParameters(ParameterHandler.java:59)
at org.testng.internal.ParameterHandler.createParameters(ParameterHandler.java:38)
at org.testng.internal.TestInvoker$MethodInvocationAgent.invoke(TestInvoker.java:791)
at org.testng.internal.TestInvoker.invokeTestMethods(TestInvoker.java:146)
at org.testng.internal.TestMethodWorker.invokeTestMethods(TestMethodWorker.java:146)
at org.testng.internal.TestMethodWorker.run(TestMethodWorker.java:128)
at java.base/java.util.ArrayList.forEach(ArrayList.java:1511)
at org.testng.TestRunner.privateRun(TestRunner.java:794)
at org.testng.TestRunner.run(TestRunner.java:596)
at org.testng.SuiteRunner.runTest(SuiteRunner.java:377)
at org.testng.SuiteRunner.runSequentially(SuiteRunner.java:371)
at org.testng.SuiteRunner.privateRun(SuiteRunner.java:332)
at org.testng.SuiteRunner.run(SuiteRunner.java:276)
at org.testng.SuiteRunnerWorker.runSuite(SuiteRunnerWorker.java:53)
at org.testng.SuiteRunnerWorker.run(SuiteRunnerWorker.java:96)
at org.testng.TestNG.runSuitesSequentially(TestNG.java:1212)
at org.testng.TestNG.runSuitesLocally(TestNG.java:1134)
at org.testng.TestNG.runSuites(TestNG.java:1063)
at org.testng.TestNG.run(TestNG.java:1031)
at org.testng.remote.AbstractRemoteTestNG.run(AbstractRemoteTestNG.java:115)
at org.testng.remote.RemoteTestNG.initAndRun(RemoteTestNG.java:251)
at org.testng.remote.RemoteTestNG.main(RemoteTestNG.java:77)
]]>
            </full-stacktrace>
          </exception> <!-- org.testng.TestNGException -->
          <reporter-output>
          </reporter-output>
        </test-method> <!-- test2 -->
        <test-method is-config="true" signature="beforeMethod()[pri:0, instance:com.bit.test.RegressionTest@614ca7df]" started-at="2022-02-22T19:07:31 EST" name="beforeMethod" finished-at="2022-02-22T19:07:31 EST" duration-ms="1" status="PASS">
          <reporter-output>
          </reporter-output>
        </test-method> <!-- beforeMethod -->
        <test-method signature="test3()[pri:0, instance:com.bit.test.RegressionTest@614ca7df]" started-at="2022-02-22T19:07:31 EST" name="test3" finished-at="2022-02-22T19:07:31 EST" duration-ms="3" status="PASS">
          <reporter-output>
          </reporter-output>
        </test-method> <!-- test3 -->
        <test-method is-config="true" signature="afterMethod()[pri:0, instance:com.bit.test.RegressionTest@614ca7df]" started-at="2022-02-22T19:07:31 EST" name="afterMethod" finished-at="2022-02-22T19:07:31 EST" duration-ms="0" status="PASS">
          <reporter-output>
          </reporter-output>
        </test-method> <!-- afterMethod -->
        <test-method is-config="true" signature="afterClass()[pri:0, instance:com.bit.test.RegressionTest@614ca7df]" started-at="2022-02-22T19:07:31 EST" name="afterClass" finished-at="2022-02-22T19:07:31 EST" duration-ms="0" status="PASS">
          <reporter-output>
          </reporter-output>
        </test-method> <!-- afterClass -->
        <test-method is-config="true" signature="afterTest()[pri:0, instance:com.bit.test.RegressionTest@614ca7df]" started-at="2022-02-22T19:07:31 EST" name="afterTest" finished-at="2022-02-22T19:07:31 EST" duration-ms="1" status="PASS">
          <reporter-output>
          </reporter-output>
        </test-method> <!-- afterTest -->
        <test-method is-config="true" signature="afterSuite()[pri:0, instance:com.bit.test.RegressionTest@614ca7df]" started-at="2022-02-22T19:07:31 EST" name="afterSuite" finished-at="2022-02-22T19:07:31 EST" duration-ms="3" status="PASS">
          <reporter-output>
          </reporter-output>
        </test-method> <!-- afterSuite -->
      </class> <!-- com.bit.test.RegressionTest -->
      <class name="com.bit.test.SmokeTest">
        <test-method is-config="true" signature="beforeClass()[pri:0, instance:com.bit.test.SmokeTest@4fb3ee4e]" started-at="2022-02-22T19:07:31 EST" name="beforeClass" finished-at="2022-02-22T19:07:31 EST" duration-ms="0" status="PASS">
          <reporter-output>
          </reporter-output>
        </test-method> <!-- beforeClass -->
        <test-method is-config="true" signature="beforeMethod()[pri:0, instance:com.bit.test.SmokeTest@4fb3ee4e]" started-at="2022-02-22T19:07:31 EST" name="beforeMethod" finished-at="2022-02-22T19:07:31 EST" duration-ms="0" status="PASS">
          <reporter-output>
          </reporter-output>
        </test-method> <!-- beforeMethod -->
        <test-method signature="test1()[pri:0, instance:com.bit.test.SmokeTest@4fb3ee4e]" started-at="2022-02-22T19:07:31 EST" name="test1" finished-at="2022-02-22T19:07:31 EST" duration-ms="2" status="PASS">
          <reporter-output>
          </reporter-output>
        </test-method> <!-- test1 -->
        <test-method is-config="true" signature="afterMethod()[pri:0, instance:com.bit.test.SmokeTest@4fb3ee4e]" started-at="2022-02-22T19:07:31 EST" name="afterMethod" finished-at="2022-02-22T19:07:31 EST" duration-ms="0" status="PASS">
          <reporter-output>
          </reporter-output>
        </test-method> <!-- afterMethod -->
        <test-method is-config="true" signature="afterClass()[pri:0, instance:com.bit.test.SmokeTest@4fb3ee4e]" started-at="2022-02-22T19:07:31 EST" name="afterClass" finished-at="2022-02-22T19:07:31 EST" duration-ms="0" status="PASS">
          <reporter-output>
          </reporter-output>
        </test-method> <!-- afterClass -->
      </class> <!-- com.bit.test.SmokeTest -->
    </test> <!-- Default test -->
  </suite> <!-- Default suite -->
</testng-results>
